<?xml version="1.0" encoding="UTF-8"?>
<testsuite name="test.TestSpreadReportGeneration" tests="2" skipped="0" failures="0" errors="0" timestamp="2015-09-16T12:52:56" hostname="WINDOWS-URHDCJE" time="0.008">
  <properties/>
  <testcase name="testMultipleSymbolReports" classname="test.TestSpreadReportGeneration" time="0.005"/>
  <testcase name="testSpreadReportContainsDefaultSymbol" classname="test.TestSpreadReportGeneration" time="0.001"/>
  <system-out><![CDATA[Matching Engineproduction.marketforum.MatchingEngine@4b680576 Created!
Matching Engineproduction.marketforum.MatchingEngine@51eef328 Created!
GOLD
]]></system-out>
  <system-err><![CDATA[]]></system-err>
</testsuite>
