<?xml version="1.0" encoding="UTF-8"?>
<testsuite name="test.TestSpreadReportGeneration" tests="2" skipped="0" failures="0" errors="0" timestamp="2015-09-16T12:23:51" hostname="WINDOWS-URHDCJE" time="0.01">
  <properties/>
  <testcase name="testMultipleSymbolReports" classname="test.TestSpreadReportGeneration" time="0.009"/>
  <testcase name="testSpreadReportContainsDefaultSymbol" classname="test.TestSpreadReportGeneration" time="0.0"/>
  <system-out><![CDATA[Matching Engineproduction.marketforum.MatchingEngine@72cc4d73 Created!
Matching Engineproduction.marketforum.MatchingEngine@3648975d Created!
GOLD
]]></system-out>
  <system-err><![CDATA[]]></system-err>
</testsuite>
