<?xml version="1.0" encoding="UTF-8"?>
<testsuite name="test.TestSpreadReportGeneration" tests="2" skipped="0" failures="0" errors="0" timestamp="2015-11-02T17:07:19" hostname="WINDOWS-URHDCJE" time="0.002">
  <properties/>
  <testcase name="testMultipleSymbolReports" classname="test.TestSpreadReportGeneration" time="0.001"/>
  <testcase name="testSpreadReportContainsDefaultSymbol" classname="test.TestSpreadReportGeneration" time="0.001"/>
  <system-out><![CDATA[GOLD
]]></system-out>
  <system-err><![CDATA[]]></system-err>
</testsuite>
