<?xml version="1.0" encoding="UTF-8"?>
<testsuite name="test.TestMatchingEngineResolution" tests="6" skipped="0" failures="0" errors="0" timestamp="2015-11-02T17:07:19" hostname="WINDOWS-URHDCJE" time="0.015">
  <properties/>
  <testcase name="testTwoElementSaleBetweenTwoParties" classname="test.TestMatchingEngineResolution" time="0.002"/>
  <testcase name="testSimpleOneCommodityExchange" classname="test.TestMatchingEngineResolution" time="0.0"/>
  <testcase name="testSpreadReportGeneration" classname="test.TestMatchingEngineResolution" time="0.001"/>
  <testcase name="testMatchingEngineResolution" classname="test.TestMatchingEngineResolution" time="0.0"/>
  <testcase name="testpreferenceForLowestOffer" classname="test.TestMatchingEngineResolution" time="0.0"/>
  <testcase name="testPreferenceForHighestRequest" classname="test.TestMatchingEngineResolution" time="0.0"/>
  <system-out><![CDATA[]]></system-out>
  <system-err><![CDATA[]]></system-err>
</testsuite>
