<?xml version="1.0" encoding="UTF-8"?>
<testsuite name="production.java.com.services.MarketResolutionReportServiceTest" tests="1" skipped="0" failures="0" errors="0" timestamp="2015-10-13T15:12:03" hostname="WINDOWS-URHDCJE" time="0.001">
  <properties/>
  <testcase name="test" classname="production.java.com.services.MarketResolutionReportServiceTest" time="0.001"/>
  <system-out><![CDATA[]]></system-out>
  <system-err><![CDATA[]]></system-err>
</testsuite>
